<?xml version="1.0" encoding="UTF-8"?>
<!-- Generated by org.testng.reporters.JUnitXMLReporter -->
<testsuite hostname="sr39-PC" name="scteTest" tests="1" failures="0" timestamp="15 May 2019 12:59:58 GMT" time="0.019" errors="0">
  <testcase name="@BeforeClass intial" time="0.0" classname="pixfixTestcases.FameTestCases">
    <failure type="java.lang.NullPointerException">
      <![CDATA[java.lang.NullPointerException
	at pixfixTestcases.BaseClass.intial(BaseClass.java:29)
	at java.util.concurrent.ThreadPoolExecutor.runWorker(Unknown Source)
	at java.util.concurrent.ThreadPoolExecutor$Worker.run(Unknown Source)
	at java.lang.Thread.run(Unknown Source)
... Removed 10 stack frames]]>
    </failure>
  </testcase> <!-- @BeforeClass intial -->
  <testcase name="@AfterClass tearDown" time="0.0" classname="pixfixTestcases.FameTestCases">
    <skipped/>
  </testcase> <!-- @AfterClass tearDown -->
  <testcase name="frameTestcases" time="0.001" classname="pixfixTestcases.FameTestCases">
    <skipped/>
  </testcase> <!-- frameTestcases -->
</testsuite> <!-- scteTest -->
