<?xml version="1.0" encoding="UTF-8"?>
<testng-results skipped="0" failed="0" total="1" passed="1">
  <reporter-output>
  </reporter-output>
  <suite name="Default suite" duration-ms="5595" started-at="2019-05-16T12:37:18Z" finished-at="2019-05-16T12:37:24Z">
    <groups>
    </groups>
    <test name="Default test" duration-ms="5595" started-at="2019-05-16T12:37:18Z" finished-at="2019-05-16T12:37:24Z">
      <class name="pixfixTestcases.FameTestCases">
        <test-method status="PASS" signature="setup()[pri:0, instance:pixfixTestcases.FameTestCases@57baeedf]" name="setup" is-config="true" duration-ms="190" started-at="2019-05-16T18:07:18Z" finished-at="2019-05-16T18:07:18Z">
          <reporter-output>
          </reporter-output>
        </test-method> <!-- setup -->
        <test-method status="PASS" signature="intial()[pri:0, instance:pixfixTestcases.FameTestCases@57baeedf]" name="intial" is-config="true" duration-ms="4350" started-at="2019-05-16T18:07:18Z" finished-at="2019-05-16T18:07:23Z">
          <reporter-output>
          </reporter-output>
        </test-method> <!-- intial -->
        <test-method status="PASS" signature="frameTestcases()[pri:0, instance:pixfixTestcases.FameTestCases@57baeedf]" name="frameTestcases" duration-ms="376" started-at="2019-05-16T18:07:23Z" finished-at="2019-05-16T18:07:23Z">
          <reporter-output>
          </reporter-output>
        </test-method> <!-- frameTestcases -->
        <test-method status="PASS" signature="teardownMethod(org.testng.ITestResult)[pri:0, instance:pixfixTestcases.FameTestCases@57baeedf]" name="teardownMethod" is-config="true" duration-ms="244" started-at="2019-05-16T18:07:23Z" finished-at="2019-05-16T18:07:23Z">
          <params>
            <param index="0">
              <value>
                <![CDATA[[TestResult name=frameTestcases status=SUCCESS method=FameTestCases.frameTestcases()[pri:0, instance:pixfixTestcases.FameTestCases@57baeedf] output={null}]]]>
              </value>
            </param>
          </params>
          <reporter-output>
          </reporter-output>
        </test-method> <!-- teardownMethod -->
        <test-method status="PASS" signature="tearDown()[pri:0, instance:pixfixTestcases.FameTestCases@57baeedf]" name="tearDown" is-config="true" duration-ms="612" started-at="2019-05-16T18:07:23Z" finished-at="2019-05-16T18:07:24Z">
          <reporter-output>
          </reporter-output>
        </test-method> <!-- tearDown -->
      </class> <!-- pixfixTestcases.FameTestCases -->
    </test> <!-- Default test -->
  </suite> <!-- Default suite -->
</testng-results>
